{"message":"Request method: GET , url: /news/2","level":"info","timestamp":"2019-11-27 15:30:39"}
{"message":"Request method: GET , url: /news/2","level":"info","timestamp":"2019-11-27 15:38:08"}
{"message":"Request method: GET , url: /news/2","level":"info","timestamp":"2019-11-27 15:44:15"}
{"message":"Request method: GET , url: /news/2","level":"info","timestamp":"2019-11-27 15:50:14"}
{"message":"Request method: GET , url: /news/2","level":"info","timestamp":"2019-11-27 16:03:24"}
{"message":"400 - ID is not valid - /news/77 - GET - ::1","level":"error","timestamp":"2019-11-27 16:03:29"}
{"message":"Request method: GET , url: /news","level":"info","timestamp":"2019-11-27 16:07:57"}
{"message":"Request method: GET , url: /news/1","level":"info","timestamp":"2019-11-27 16:08:07"}
{"message":"400 - ID is not valid - /news/98 - GET - ::1","level":"error","timestamp":"2019-11-27 16:08:11"}
{"message":"500 - params is not defined - /news/5 - PUT - ::1","level":"error","timestamp":"2019-11-27 16:08:31"}
{"message":"500 - params is not defined - /news/5 - PUT - ::1","level":"error","timestamp":"2019-11-27 16:08:57"}
{"message":"500 - params is not defined - /news/1 - PUT - ::1","level":"error","timestamp":"2019-11-27 16:09:12"}
{"message":"500 - params is not defined - /news/1 - PUT - ::1","level":"error","timestamp":"2019-11-27 16:09:16"}
{"message":"Request method: PUT , url: /news/1","level":"info","timestamp":"2019-11-27 16:09:50"}
{"message":"Request method: POST , url: /news","level":"info","timestamp":"2019-11-27 16:10:05"}
{"message":"Request method: POST , url: /news","level":"info","timestamp":"2019-11-27 16:10:15"}
{"message":"Request method: POST , url: /news","level":"info","timestamp":"2019-11-27 16:10:26"}
{"message":"Request method: POST , url: /news","level":"info","timestamp":"2019-11-27 16:10:56"}
{"message":"400 - Request body is empty - /news - POST - ::1","level":"error","timestamp":"2019-11-27 16:12:53"}
{"message":"Request method: POST , url: /news","level":"info","timestamp":"2019-11-27 16:12:58"}
{"message":"Request method: DELETE , url: /news/2","level":"info","timestamp":"2019-11-27 16:13:30"}
{"message":"Request method: DELETE , url: /news/9","level":"info","timestamp":"2019-11-27 16:13:39"}
{"message":"Request method: GET , url: /news","level":"info","timestamp":"2019-12-02 23:49:50"}
{"message":"Request method: GET , url: /news","level":"info","timestamp":"2019-12-02 23:52:51"}
{"message":"Request method: GET , url: /news/3","level":"info","timestamp":"2019-12-02 23:53:13"}
{"message":"Request method: GET , url: /news","level":"info","timestamp":"2019-12-02 23:55:19"}
{"message":"Request method: GET , url: /news","level":"info","timestamp":"2019-12-02 23:55:39"}
{"message":"Request method: GET , url: /news/3","level":"info","timestamp":"2019-12-02 23:55:50"}
{"message":"Request method: GET , url: /news","level":"info","timestamp":"2019-12-03 00:02:48"}
{"message":"Request method: GET , url: /news","level":"info","timestamp":"2019-12-03 00:03:08"}
{"message":"Request method: GET , url: /news","level":"info","timestamp":"2019-12-03 00:03:32"}
{"message":"Request method: GET , url: /news/3","level":"info","timestamp":"2019-12-03 00:03:39"}
{"message":"Request method: DELETE , url: /news/3","level":"info","timestamp":"2019-12-03 00:03:45"}
{"message":"Request method: GET , url: /news/3","level":"info","timestamp":"2019-12-03 00:05:21"}
{"message":"Request method: DELETE , url: /news/3","level":"info","timestamp":"2019-12-03 00:05:30"}
{"message":"Request method: GET , url: /news/3","level":"info","timestamp":"2019-12-03 00:05:58"}
{"message":"Request method: GET , url: /news","level":"info","timestamp":"2019-12-03 00:06:13"}
{"message":"Request method: GET , url: /news","level":"info","timestamp":"2019-12-03 00:06:29"}
{"message":"Request method: GET , url: /news","level":"info","timestamp":"2019-12-03 00:07:38"}
{"message":"Request method: GET , url: /news","level":"info","timestamp":"2019-12-03 00:08:09"}
{"message":"Request method: GET , url: /news","level":"info","timestamp":"2019-12-03 00:08:26"}
{"message":"Request method: GET , url: /news/3","level":"info","timestamp":"2019-12-03 00:08:33"}
{"message":"Request method: DELETE , url: /news/3","level":"info","timestamp":"2019-12-03 00:08:37"}
{"message":"Request method: GET , url: /news/3","level":"info","timestamp":"2019-12-03 00:09:25"}
{"message":"Request method: GET , url: /news/3","level":"info","timestamp":"2019-12-03 00:11:04"}
{"message":"Request method: DELETE , url: /news/3","level":"info","timestamp":"2019-12-03 00:11:09"}
{"message":"Request method: GET , url: /news","level":"info","timestamp":"2019-12-03 00:11:13"}
{"message":"Request method: GET , url: /news","level":"info","timestamp":"2019-12-03 00:14:32"}
{"message":"Request method: GET , url: /news","level":"info","timestamp":"2019-12-03 00:14:33"}
{"message":"Request method: GET , url: /news","level":"info","timestamp":"2019-12-03 00:14:34"}
{"message":"Request method: GET , url: /news","level":"info","timestamp":"2019-12-03 00:14:53"}
{"message":"Request method: POST , url: /news","level":"info","timestamp":"2019-12-03 00:15:31"}
{"message":"Request method: GET , url: /news","level":"info","timestamp":"2019-12-03 00:15:39"}
{"message":"Request method: GET , url: /news","level":"info","timestamp":"2019-12-03 00:15:40"}
{"message":"Request method: GET , url: /news","level":"info","timestamp":"2019-12-03 00:16:22"}
{"message":"Request method: GET , url: /news","level":"info","timestamp":"2019-12-03 00:16:25"}
{"message":"Request method: GET , url: /news/","level":"info","timestamp":"2019-12-03 00:16:38"}
{"message":"Request method: GET , url: /news","level":"info","timestamp":"2019-12-03 00:16:38"}
{"message":"Request method: GET , url: /news","level":"info","timestamp":"2019-12-03 00:16:55"}
{"message":"Request method: GET , url: /news","level":"info","timestamp":"2019-12-03 00:17:14"}
{"message":"Request method: POST , url: /news","level":"info","timestamp":"2019-12-03 00:17:24"}
{"message":"500 - News.save is not a function - /news - POST - ::1","level":"error","timestamp":"2019-12-03 00:17:24"}
{"message":"Request method: POST , url: /news","level":"info","timestamp":"2019-12-03 00:29:07"}
{"message":"Request method: GET , url: /news","level":"info","timestamp":"2019-12-03 00:29:13"}
{"message":"Request method: GET , url: /news","level":"info","timestamp":"2019-12-03 00:29:37"}
{"message":"Request method: GET , url: /news","level":"info","timestamp":"2019-12-03 00:29:59"}
{"message":"Request method: POST , url: /news","level":"info","timestamp":"2019-12-03 00:30:13"}
{"message":"Request method: GET , url: /news","level":"info","timestamp":"2019-12-03 00:30:20"}
{"message":"Request method: DELETE , url: /news/4","level":"info","timestamp":"2019-12-03 00:30:32"}
{"message":"Request method: GET , url: /news","level":"info","timestamp":"2019-12-03 00:30:43"}
{"message":"Request method: GET , url: /news","level":"info","timestamp":"2019-12-03 00:36:08"}
{"message":"Request method: GET , url: /news","level":"info","timestamp":"2019-12-03 00:36:09"}
{"message":"Request method: PUT , url: /news/3","level":"info","timestamp":"2019-12-03 00:36:27"}
{"message":"Request method: GET , url: /news","level":"info","timestamp":"2019-12-03 00:37:15"}
{"message":"Request method: GET , url: /news","level":"info","timestamp":"2019-12-03 00:37:37"}
{"message":"Request method: GET , url: /news","level":"info","timestamp":"2019-12-03 00:37:46"}
{"message":"Request method: GET , url: /news","level":"info","timestamp":"2019-12-03 00:38:01"}
{"message":"Request method: GET , url: /news","level":"info","timestamp":"2019-12-03 00:38:14"}
{"message":"Request method: GET , url: /news","level":"info","timestamp":"2019-12-03 00:38:17"}
{"message":"Request method: GET , url: /news","level":"info","timestamp":"2019-12-03 00:38:24"}
{"message":"Request method: GET , url: /news","level":"info","timestamp":"2019-12-03 00:38:31"}
{"message":"Request method: GET , url: /news","level":"info","timestamp":"2019-12-03 00:38:45"}
{"message":"Request method: PUT , url: /news/3","level":"info","timestamp":"2019-12-03 00:39:20"}
{"message":"Request method: PUT , url: /news/3","level":"info","timestamp":"2019-12-03 00:42:27"}
{"message":"Cast to ObjectId failed for value \"{ ID: '3' }\" at path \"_id\" for model \"news\"","name":"CastError","stringValue":"\"{ ID: '3' }\"","kind":"ObjectId","value":{"ID":"3"},"path":"_id","level":"error","timestamp":"2019-12-03 00:42:27"}
{"message":"Request method: GET , url: /news/3","level":"info","timestamp":"2019-12-03 00:43:06"}
{"message":"Request method: PUT , url: /news/3","level":"info","timestamp":"2019-12-03 00:43:12"}
{"message":"Cast to ObjectId failed for value \"{ ID: '3' }\" at path \"_id\" for model \"news\"","name":"CastError","stringValue":"\"{ ID: '3' }\"","kind":"ObjectId","value":{"ID":"3"},"path":"_id","level":"error","timestamp":"2019-12-03 00:43:12"}
{"message":"Request method: GET , url: /news","level":"info","timestamp":"2019-12-03 00:43:59"}
{"message":"Request method: PUT , url: /news/3","level":"info","timestamp":"2019-12-03 00:44:09"}
{"message":"Cast to ObjectId failed for value \"{ ID: '3' }\" at path \"_id\" for model \"news\"","name":"CastError","stringValue":"\"{ ID: '3' }\"","kind":"ObjectId","value":{"ID":"3"},"path":"_id","level":"error","timestamp":"2019-12-03 00:44:09"}
{"message":"Request method: GET , url: /news","level":"info","timestamp":"2019-12-03 00:46:32"}
{"message":"Request method: GET , url: /news","level":"info","timestamp":"2019-12-03 00:46:46"}
{"message":"Request method: GET , url: /news","level":"info","timestamp":"2019-12-03 00:46:52"}
{"message":"Request method: GET , url: /news","level":"info","timestamp":"2019-12-03 00:47:12"}
{"message":"Request method: PUT , url: /news/3","level":"info","timestamp":"2019-12-03 00:47:27"}
{"message":"500 - News.findAndUpdate is not a function - /news/3 - PUT - ::1","level":"error","timestamp":"2019-12-03 00:47:27"}
{"message":"Request method: GET , url: /news","level":"info","timestamp":"2019-12-03 00:48:56"}
{"message":"Request method: GET , url: /news","level":"info","timestamp":"2019-12-03 00:49:00"}
{"message":"Request method: GET , url: /news","level":"info","timestamp":"2019-12-03 00:49:09"}
{"message":"Request method: GET , url: /news","level":"info","timestamp":"2019-12-03 00:49:15"}
{"message":"Request method: GET , url: /news","level":"info","timestamp":"2019-12-03 00:49:27"}
{"message":"Request method: GET , url: /news","level":"info","timestamp":"2019-12-03 00:49:50"}
{"message":"Request method: GET , url: /news","level":"info","timestamp":"2019-12-03 00:49:59"}
{"message":"Request method: PUT , url: /news/3","level":"info","timestamp":"2019-12-03 00:50:13"}
{"message":"Request method: GET , url: /news","level":"info","timestamp":"2019-12-03 00:50:30"}
{"message":"Request method: PUT , url: /news/8","level":"info","timestamp":"2019-12-03 00:52:20"}
{"message":"500 - News.useFindAndModify is not a function - /news/8 - PUT - ::1","level":"error","timestamp":"2019-12-03 00:52:20"}
{"message":"Request method: PUT , url: /news/8","level":"info","timestamp":"2019-12-03 00:52:47"}
{"message":"500 - News.useFindAndModify is not a function - /news/8 - PUT - ::1","level":"error","timestamp":"2019-12-03 00:52:47"}
{"message":"Request method: PUT , url: /news/8","level":"info","timestamp":"2019-12-03 00:53:13"}
{"message":"Request method: PUT , url: /news/dfhg","level":"info","timestamp":"2019-12-03 00:53:29"}
{"message":"400 - Request body is empty - /news/8 - PUT - ::1","level":"error","timestamp":"2019-12-03 00:53:57"}
{"message":"500 - Unexpected token s in JSON at position 0 - /news/8 - PUT - ::1","level":"error","timestamp":"2019-12-03 00:54:13"}
{"message":"Request method: GET , url: /news","level":"info","timestamp":"2019-12-04 12:08:25"}
{"message":"Request method: GET , url: /news","level":"info","timestamp":"2019-12-04 12:08:45"}
{"message":"Request method: GET , url: /news","level":"info","timestamp":"2019-12-04 12:08:52"}
{"message":"Request method: GET , url: /news","level":"info","timestamp":"2019-12-04 12:09:10"}
{"message":"Request method: GET , url: /news","level":"info","timestamp":"2019-12-04 12:09:16"}
{"message":"Request method: GET , url: /news/1","level":"info","timestamp":"2019-12-04 12:09:34"}
{"message":"Request method: GET , url: /news/1","level":"info","timestamp":"2019-12-04 12:10:01"}
{"message":"Request method: GET , url: /news","level":"info","timestamp":"2019-12-04 12:11:08"}
{"message":"Request method: GET , url: /news","level":"info","timestamp":"2019-12-04 12:11:26"}
{"message":"Request method: GET , url: /news","level":"info","timestamp":"2019-12-04 12:12:54"}
{"message":"Request method: GET , url: /news","level":"info","timestamp":"2019-12-04 12:17:52"}
{"message":"Request method: GET , url: /news","level":"info","timestamp":"2019-12-04 12:18:51"}
{"message":"Request method: GET , url: /news","level":"info","timestamp":"2019-12-04 12:19:49"}
{"message":"Request method: GET , url: /news","level":"info","timestamp":"2019-12-04 12:20:39"}
{"message":"Request method: GET , url: /news","level":"info","timestamp":"2019-12-04 12:22:39"}
{"message":"Request method: GET , url: /news","level":"info","timestamp":"2019-12-04 13:03:52"}
{"message":"Request method: GET , url: /news","level":"info","timestamp":"2019-12-04 13:14:41"}
{"message":"Request method: GET , url: /news","level":"info","timestamp":"2019-12-04 13:15:21"}
{"message":"Request method: GET , url: /news","level":"info","timestamp":"2019-12-04 13:15:26"}
{"message":"500 - Unknown authentication strategy \"local\" - /news/3 - PUT - ::1","level":"error","timestamp":"2019-12-04 13:15:40"}
{"message":"500 - Unknown authentication strategy \"local\" - /news/3 - PUT - ::1","level":"error","timestamp":"2019-12-04 13:16:16"}
{"message":"Request method: GET , url: /news","level":"info","timestamp":"2019-12-04 13:23:13"}
{"message":"Request method: GET , url: /news","level":"info","timestamp":"2019-12-04 13:23:35"}
{"message":"Request method: GET , url: /news","level":"info","timestamp":"2019-12-04 13:23:39"}
{"message":"Request method: GET , url: /news","level":"info","timestamp":"2019-12-04 13:24:16"}
{"message":"Request method: GET , url: /news","level":"info","timestamp":"2019-12-04 13:24:18"}
{"message":"Request method: GET , url: /news","level":"info","timestamp":"2019-12-04 13:27:16"}
{"message":"Request method: GET , url: /news/3","level":"info","timestamp":"2019-12-04 13:27:29"}
{"message":"Request method: PUT , url: /news/3","level":"info","timestamp":"2019-12-04 13:27:44"}
{"message":"500 - user is not defined - /login - POST - ::1","level":"error","timestamp":"2019-12-04 13:44:57"}
{"message":"500 - Failed to serialize user into session - /login - POST - ::1","level":"error","timestamp":"2019-12-04 14:02:26"}
{"message":"500 - res.statusCode is not a function - /login - POST - ::1","level":"error","timestamp":"2019-12-04 14:43:33"}
{"message":"500 - res.status is not a function - /login - POST - ::1","level":"error","timestamp":"2019-12-04 14:43:58"}
{"message":"500 - res.send is not a function - /login - POST - ::1","level":"error","timestamp":"2019-12-04 14:45:27"}
{"message":"500 - Unknown authentication strategy \"local\" - /login - POST - ::1","level":"error","timestamp":"2019-12-04 15:23:22"}
{"message":"500 - No authorization token was found - /api/users/current - GET - ::1","level":"error","timestamp":"2019-12-04 16:10:49"}
{"message":"500 - No authorization token was found - /api/users/current - GET - ::1","level":"error","timestamp":"2019-12-04 16:11:06"}
{"message":"500 - No authorization token was found - /api/users/current - GET - ::1","level":"error","timestamp":"2019-12-04 16:11:19"}
{"message":"500 - No authorization token was found - /api/users/current - GET - ::1","level":"error","timestamp":"2019-12-04 16:11:49"}
{"message":"500 - No authorization token was found - /api/users/current - GET - ::1","level":"error","timestamp":"2019-12-04 16:12:03"}
{"message":"500 - No authorization token was found - /api/users/current - GET - ::1","level":"error","timestamp":"2019-12-04 16:12:36"}
{"message":"500 - No authorization token was found - /api/users/current - GET - ::1","level":"error","timestamp":"2019-12-04 16:15:31"}
{"message":"500 - No authorization token was found - /api/users/current - GET - ::1","level":"error","timestamp":"2019-12-04 16:15:48"}
{"message":"Request method: PUT , url: /news/3","level":"info","timestamp":"2019-12-04 17:08:39"}
{"message":"Request method: PUT , url: /news/3","level":"info","timestamp":"2019-12-04 17:08:49"}
{"message":"500 - No authorization token was found - /api/users/news/3 - PUT - ::1","level":"error","timestamp":"2019-12-04 17:19:07"}
{"message":"500 - req is not defined - /api/users/news/3 - PUT - ::1","level":"error","timestamp":"2019-12-04 17:19:18"}
{"message":"500 - logger is not defined - /api/users/news/3 - PUT - ::1","level":"error","timestamp":"2019-12-04 17:22:18"}
{"message":"500 - logger is not defined - /api/users/news/3 - PUT - ::1","level":"error","timestamp":"2019-12-04 17:22:35"}
{"message":"Request method: PUT , url: /api/users/news/3","level":"info","timestamp":"2019-12-04 17:23:54"}
{"message":"Request method: PUT , url: /news/3","level":"info","timestamp":"2019-12-04 17:37:22"}
{"message":"Request method: PUT , url: /news/3","level":"info","timestamp":"2019-12-04 17:37:28"}
{"message":"500 - No authorization token was found - /news/3 - PUT - ::1","level":"error","timestamp":"2019-12-04 17:37:31"}
{"message":"Request method: GET , url: /news","level":"info","timestamp":"2019-12-04 17:40:58"}
{"message":"500 - No authorization token was found - /news/3 - DELETE - ::1","level":"error","timestamp":"2019-12-04 17:41:08"}
{"message":"Request method: DELETE , url: /news/3","level":"info","timestamp":"2019-12-04 17:41:28"}
{"message":"Request method: GET , url: /news","level":"info","timestamp":"2019-12-04 17:41:32"}
{"message":"Request method: DELETE , url: /news/3","level":"info","timestamp":"2019-12-04 17:44:07"}
{"message":"Request method: DELETE , url: /news/3","level":"info","timestamp":"2019-12-04 17:44:34"}
{"message":"500 - No authorization token was found - /news/3 - DELETE - ::1","level":"error","timestamp":"2019-12-04 17:44:37"}
{"message":"500 - status is not defined - /users/login - POST - ::1","level":"error","timestamp":"2019-12-04 18:00:23"}
{"message":"500 - status is not defined - /users/login - POST - ::1","level":"error","timestamp":"2019-12-04 18:01:16"}
{"message":"500 - status is not defined - /users/login - POST - ::1","level":"error","timestamp":"2019-12-04 18:02:59"}
{"message":"500 - res.status(...).statusMessage is not a function - /users/login - POST - ::1","level":"error","timestamp":"2019-12-04 18:06:36"}
{"message":"500 - No authorization token was found - /news/3 - DELETE - ::1","level":"error","timestamp":"2019-12-04 18:13:16"}
{"message":"Request method: DELETE , url: /news/3","level":"info","timestamp":"2019-12-04 18:13:25"}
{"message":"Request method: GET , url: /news","level":"info","timestamp":"2019-12-04 18:13:28"}
{"message":"500 - No authorization token was found - /users/current - GET - ::1","level":"error","timestamp":"2019-12-04 18:14:33"}
{"message":"500 - passport is not defined - /users/login - POST - ::1","level":"error","timestamp":"2019-12-04 18:15:12"}
{"message":"500 - passport is not defined - /users/login - POST - ::1","level":"error","timestamp":"2019-12-04 18:15:32"}
